This is pdfTeX, Version 3.141592653-2.6-1.40.23 (TeX Live 2021) (preloaded format=pdflatex 2021.9.25)  12 SEP 2022 12:11
entering extended mode
 restricted \write18 enabled.
 %&-line parsing enabled.
**include/plotParams.js
(./include/plotParams.js
LaTeX2e <2021-06-01> patch level 1
L3 programming layer <2021-08-27>

! LaTeX Error: Missing \begin{document}.

See the LaTeX manual or LaTeX Companion for explanation.
Type  H <return>  for immediate help.
 ...                                              
                                                  
l.1 /
     *
? 
! Emergency stop.
 ...                                              
                                                  
l.1 /
     *
You're in trouble here.  Try typing  <return>  to proceed.
If that doesn't work, type  X <return>  to quit.

 
Here is how much of TeX's memory you used:
 19 strings out of 478599
 553 string characters out of 5854100
 290605 words of memory out of 5000000
 17998 multiletter control sequences out of 15000+600000
 403430 words of font info for 27 fonts, out of 8000000 for 9000
 1141 hyphenation exceptions out of 8191
 13i,0n,12p,56b,14s stack positions out of 5000i,500n,10000p,200000b,80000s
!  ==> Fatal error occurred, no output PDF file produced!
